<?xml version="1.0" encoding="utf-8"?><testsuites name="pytest tests"><testsuite name="pytest" errors="0" failures="0" skipped="0" tests="10" time="6.389" timestamp="2026-04-14T06:05:08.033944+00:00" hostname="agent-env-f2b2a628-39cc-43b5-b274-f2fbdde9899a"><testcase classname="tests.test_iteration6_sections.TestCourseSections" name="test_create_section" time="0.824" /><testcase classname="tests.test_iteration6_sections.TestCourseSections" name="test_create_section_requires_admin" time="0.574" /><testcase classname="tests.test_iteration6_sections.TestCourseSections" name="test_list_sections_with_nested_content" time="0.566" /><testcase classname="tests.test_iteration6_sections.TestCourseSections" name="test_update_section_toggle_lock" time="0.799" /><testcase classname="tests.test_iteration6_sections.TestCourseSections" name="test_update_section_requires_admin" time="0.118" /><testcase classname="tests.test_iteration6_sections.TestCourseSections" name="test_delete_section_and_content" time="0.835" /><testcase classname="tests.test_iteration6_sections.TestCourseSections" name="test_delete_section_requires_admin" time="0.100" /><testcase classname="tests.test_iteration6_sections.TestCourseSections" name="test_add_video_with_section_id" time="0.790" /><testcase classname="tests.test_iteration6_sections.TestCourseSections" name="test_add_material_with_section_id" time="0.817" /><testcase classname="tests.test_iteration6_sections.TestCourseSections" name="test_sections_sorted_by_order" time="0.880" /></testsuite></testsuites>