<?xml version="1.0" encoding="utf-8"?><testsuites name="pytest tests"><testsuite name="pytest" errors="0" failures="0" skipped="0" tests="5" time="3.621" timestamp="2026-04-14T02:58:38.540332+00:00" hostname="agent-env-f2b2a628-39cc-43b5-b274-f2fbdde9899a"><testcase classname="test_new_features_iteration3.TestChatToggleFeature" name="test_courses_have_chat_enabled_field" time="0.242" /><testcase classname="test_new_features_iteration3.TestChatToggleFeature" name="test_update_course_chat_enabled_to_false" time="0.909" /><testcase classname="test_new_features_iteration3.TestVideoProgressTracking" name="test_save_video_progress" time="0.780" /><testcase classname="test_new_features_iteration3.TestVideoProgressTracking" name="test_get_video_progress" time="0.861" /><testcase classname="test_new_features_iteration3.TestVideoProgressTracking" name="test_get_resume_videos_enriched" time="0.758" /></testsuite></testsuites>