<?xml version="1.0" encoding="utf-8"?><testsuites name="pytest tests"><testsuite name="pytest" errors="0" failures="0" skipped="0" tests="12" time="7.126" timestamp="2026-04-14T05:29:58.734416+00:00" hostname="agent-env-f2b2a628-39cc-43b5-b274-f2fbdde9899a"><testcase classname="tests.test_iteration5_content_manager.TestCourseContentManager" name="test_add_video_to_course" time="0.776" /><testcase classname="tests.test_iteration5_content_manager.TestCourseContentManager" name="test_add_video_requires_admin" time="0.577" /><testcase classname="tests.test_iteration5_content_manager.TestCourseContentManager" name="test_get_course_returns_videos_array" time="0.631" /><testcase classname="tests.test_iteration5_content_manager.TestCourseContentManager" name="test_delete_video" time="0.945" /><testcase classname="tests.test_iteration5_content_manager.TestCourseContentManager" name="test_delete_video_requires_admin" time="0.106" /><testcase classname="tests.test_iteration5_content_manager.TestCourseContentManager" name="test_upload_pdf_material" time="0.583" /><testcase classname="tests.test_iteration5_content_manager.TestCourseContentManager" name="test_upload_material_requires_admin" time="0.539" /><testcase classname="tests.test_iteration5_content_manager.TestCourseContentManager" name="test_list_course_materials" time="0.757" /><testcase classname="tests.test_iteration5_content_manager.TestCourseContentManager" name="test_get_course_returns_materials_array" time="0.565" /><testcase classname="tests.test_iteration5_content_manager.TestCourseContentManager" name="test_delete_material" time="0.644" /><testcase classname="tests.test_iteration5_content_manager.TestCourseContentManager" name="test_delete_material_requires_admin" time="0.107" /><testcase classname="tests.test_iteration5_content_manager.TestCourseContentManager" name="test_download_material" time="0.803" /></testsuite></testsuites>