<?xml version="1.0" encoding="utf-8"?><testsuites name="pytest tests"><testsuite name="pytest" errors="0" failures="0" skipped="0" tests="9" time="4.629" timestamp="2026-04-14T04:14:56.029704+00:00" hostname="agent-env-f2b2a628-39cc-43b5-b274-f2fbdde9899a"><testcase classname="tests.test_iteration4_new_features.TestForgotPasswordFeature" name="test_forgot_password_sends_otp" time="0.976" /><testcase classname="tests.test_iteration4_new_features.TestForgotPasswordFeature" name="test_forgot_password_nonexistent_email" time="0.122" /><testcase classname="tests.test_iteration4_new_features.TestForgotPasswordFeature" name="test_reset_password_with_invalid_otp" time="1.154" /><testcase classname="tests.test_iteration4_new_features.TestPushNotificationFeature" name="test_register_push_token" time="0.433" /><testcase classname="tests.test_iteration4_new_features.TestPushNotificationFeature" name="test_register_push_token_requires_auth" time="0.107" /><testcase classname="tests.test_iteration4_new_features.TestPushNotificationFeature" name="test_create_announcement_sends_push" time="0.532" /><testcase classname="tests.test_iteration4_new_features.TestPushNotificationFeature" name="test_get_announcements" time="0.111" /><testcase classname="tests.test_iteration4_new_features.TestPDFUploadFeature" name="test_submit_test_with_pdf_base64" time="0.553" /><testcase classname="tests.test_iteration4_new_features.TestPDFUploadFeature" name="test_submit_test_with_empty_pdf_still_works" time="0.560" /></testsuite></testsuites>