<?xml version="1.0" encoding="utf-8"?><testsuites name="pytest tests"><testsuite name="pytest" errors="0" failures="0" skipped="0" tests="8" time="6.321" timestamp="2026-04-14T08:45:44.595983+00:00" hostname="agent-env-f2b2a628-39cc-43b5-b274-f2fbdde9899a"><testcase classname="tests.test_iteration7_live_classes_payment.TestAdminLogin" name="test_admin_login_success" time="0.561" /><testcase classname="tests.test_iteration7_live_classes_payment.TestPaymentCreateOrder" name="test_create_order_returns_required_fields" time="1.665" /><testcase classname="tests.test_iteration7_live_classes_payment.TestLiveClasses" name="test_create_live_class" time="0.612" /><testcase classname="tests.test_iteration7_live_classes_payment.TestLiveClasses" name="test_list_live_classes_with_course_name" time="0.595" /><testcase classname="tests.test_iteration7_live_classes_payment.TestLiveClasses" name="test_update_live_class_status" time="0.677" /><testcase classname="tests.test_iteration7_live_classes_payment.TestLiveClasses" name="test_delete_live_class" time="0.617" /><testcase classname="tests.test_iteration7_live_classes_payment.TestMaterialView" name="test_material_view_returns_html" time="0.664" /><testcase classname="tests.test_iteration7_live_classes_payment.TestPaymentOrderIdStorage" name="test_order_id_can_be_stored_in_state" time="0.852" /></testsuite></testsuites>