<?xml version="1.0" encoding="utf-8"?><testsuites name="pytest tests"><testsuite name="pytest" errors="0" failures="0" skipped="0" tests="22" time="14.595" timestamp="2026-04-14T01:15:24.703742+00:00" hostname="agent-env-f2b2a628-39cc-43b5-b274-f2fbdde9899a"><testcase classname="tests.test_gs_pinnacle_apis.TestAuth" name="test_admin_login_success" time="0.476" /><testcase classname="tests.test_gs_pinnacle_apis.TestAuth" name="test_admin_login_wrong_password" time="0.354" /><testcase classname="tests.test_gs_pinnacle_apis.TestAuth" name="test_student_registration" time="0.414" /><testcase classname="tests.test_gs_pinnacle_apis.TestAuth" name="test_duplicate_email_registration" time="0.148" /><testcase classname="tests.test_gs_pinnacle_apis.TestAuth" name="test_send_email_otp" time="0.994" /><testcase classname="tests.test_gs_pinnacle_apis.TestAuth" name="test_send_phone_otp" time="0.568" /><testcase classname="tests.test_gs_pinnacle_apis.TestCourses" name="test_list_all_courses" time="0.170" /><testcase classname="tests.test_gs_pinnacle_apis.TestCourses" name="test_filter_courses_by_type_live" time="0.106" /><testcase classname="tests.test_gs_pinnacle_apis.TestCourses" name="test_filter_courses_by_type_free" time="0.104" /><testcase classname="tests.test_gs_pinnacle_apis.TestCourses" name="test_get_course_by_id" time="0.245" /><testcase classname="tests.test_gs_pinnacle_apis.TestCourses" name="test_get_nonexistent_course" time="0.114" /><testcase classname="tests.test_gs_pinnacle_apis.TestAdmin" name="test_admin_analytics" time="0.502" /><testcase classname="tests.test_gs_pinnacle_apis.TestAdmin" name="test_admin_students_list" time="0.466" /><testcase classname="tests.test_gs_pinnacle_apis.TestAdmin" name="test_admin_analytics_without_auth" time="0.255" /><testcase classname="tests.test_gs_pinnacle_apis.TestAdmin" name="test_create_course_as_admin" time="0.773" /><testcase classname="tests.test_gs_pinnacle_apis.TestAdmin" name="test_delete_course_as_admin" time="0.837" /><testcase classname="tests.test_gs_pinnacle_apis.TestCMS" name="test_get_cms_content" time="0.108" /><testcase classname="tests.test_gs_pinnacle_apis.TestCMS" name="test_update_cms_as_admin" time="0.556" /><testcase classname="tests.test_gs_pinnacle_apis.TestSupport" name="test_create_ticket_as_student" time="0.500" /><testcase classname="tests.test_gs_pinnacle_apis.TestSupport" name="test_list_tickets_as_admin" time="0.464" /><testcase classname="tests.test_gs_pinnacle_apis.TestChat" name="test_chat_endpoint" time="5.861" /><testcase classname="tests.test_gs_pinnacle_apis.TestTests" name="test_list_tests_as_student" time="0.476" /></testsuite></testsuites>