<?xml version="1.0" encoding="utf-8"?><testsuites name="pytest tests"><testsuite name="pytest" errors="0" failures="0" skipped="1" tests="7" time="1.788" timestamp="2026-04-14T02:44:33.430167+00:00" hostname="agent-env-f2b2a628-39cc-43b5-b274-f2fbdde9899a"><testcase classname="tests.test_video_chat_features.TestVideoFeatures" name="test_get_course_with_videos" time="0.474" /><testcase classname="tests.test_video_chat_features.TestVideoFeatures" name="test_course_videos_sorted_by_order" time="0.245" /><testcase classname="tests.test_video_chat_features.TestChatFeatures" name="test_get_chat_history_endpoint_exists" time="0.288" /><testcase classname="tests.test_video_chat_features.TestChatFeatures" name="test_get_chat_history_with_limit" time="0.217" /><testcase classname="tests.test_video_chat_features.TestChatFeatures" name="test_chat_message_structure" time="0.229" /><testcase classname="tests.test_video_chat_features.TestWebSocketEndpoint" name="test_websocket_endpoint_path_exists" time="0.000"><skipped type="pytest.skip" message="WebSocket connection testing not available through K8s proxy (expected - will test via frontend)">/app/backend/tests/test_video_chat_features.py:138: WebSocket connection testing not available through K8s proxy (expected - will test via frontend)</skipped></testcase><testcase classname="tests.test_video_chat_features.TestVideoMetrics" name="test_video_has_metrics_fields" time="0.263" /></testsuite></testsuites>